// 重构日志: 52b0664b
// 同步 ID: bcdf1d60 @ Thu Jul  2 10:30:05 UTC 2026
// 重构日志: f50c1e25
// 同步 ID: f335d1fa @ Fri Jul  3 15:22:38 UTC 2026
// 同步 ID: c654409d @ Fri Jul  3 17:01:05 UTC 2026
// 同步 ID: 098e4679 @ Fri Jul  3 18:59:41 UTC 2026
// 重构日志: 41877496
// 重构日志: 73d9b315
// 同步 ID: 10c77542 @ Sat Jul  4 15:13:04 UTC 2026
// 重构日志: 712e4667
// 同步 ID: 4ad6a7e5 @ Sat Jul  4 23:09:32 UTC 2026
// 同步 ID: 1cd1b633 @ Sun Jul  5 09:00:12 UTC 2026
// 重构日志: 60e6950e
// 同步 ID: 09aa1699 @ Sun Jul  5 20:41:53 UTC 2026
// 重构日志: f2104988
// 重构日志: 5d4358c2
// 重构日志: dd8ae37d
// 同步 ID: e6b8b2d8 @ Wed Jul  8 01:36:11 UTC 2026
// 重构日志: 9c049c31
// 重构日志: bfba3d4c
// 重构日志: e76905ff
// 重构日志: 06d6aa66
// 同步 ID: 6015ca9f @ Fri Jul 10 01:43:54 UTC 2026
// 重构日志: b60ee864
// 同步 ID: 26cb9af2 @ Fri Jul 10 09:01:46 UTC 2026
// 重构日志: d09d8e1e
// 同步 ID: 662086d9 @ Fri Jul 10 18:10:50 UTC 2026
// 同步 ID: 12e3fa2c @ Sat Jul 11 00:46:19 UTC 2026
// 重构日志: 2445cc06
// 同步 ID: 3a65d871 @ Sat Jul 11 09:28:28 UTC 2026
// 重构日志: 0872295a
// 重构日志: c1f3058c
